Song of Solomon
The Plague
Anna Karenina
Galapagos
The Stationary Shop
Taken at the Flood
I Am Malala
The Brothers Karamazov
Alias Grace
The Complete Persepolis
One Hundred Years of Solitude
Love in the Time of Cholera
Casual Vacancy
The Outer Limits of Reason
Robinson Crusoe
The Moonstone
The Bluest Eye
The Glass Castle
The Wind-Up Bird Chronicle
20,000 Leagues Under the Sea
Long Walk to Freedom
The Doors of Perception Heaven and Hell
As I Lay Dying
Moby Dick
Forrest Gump
The Awakening
Night
Dubliners
Hitchhiker's Guide to the Galaxy
The Joy Luck Club
Into Thin Air
Slaughterhouse Five
The Time Machine
The Metamorphosis
Of Mice and Men
Journey to the Center of the Earth
Modern Romance
Midnight's Children
Lolita
Slouching Towards Bethlehem
